2025-07-01 00:05:59 INFO  - HV000001: Hibernate Validator 8.0.2.Final
2025-07-01 00:05:59 INFO  - Starting BluemargaritaApplication using Java 17.0.13 with PID 12472 (E:\험芋奬腎攻沸薪詛Java\bluemargarita\build\classes\java\main started by digeo in E:\험芋奬腎攻沸薪詛Java\bluemargarita)
2025-07-01 00:05:59 INFO  - The following 1 profile is active: "test"
2025-07-01 00:06:00 INFO  - Bootstrapping Spring Data JPA repositories in DEFAULT mode.
2025-07-01 00:06:00 INFO  - Finished Spring Data repository scanning in 81 ms. Found 11 JPA repository interfaces.
2025-07-01 00:06:01 INFO  - Tomcat initialized with port 8080 (http)
2025-07-01 00:06:01 INFO  - Root WebApplicationContext: initialization completed in 1444 ms
2025-07-01 00:06:01 INFO  - HHH000412: Hibernate ORM core version 6.6.18.Final
2025-07-01 00:06:01 INFO  - HHH000026: Second-level cache disabled
2025-07-01 00:06:01 INFO  - No LoadTimeWeaver setup: ignoring JPA class transformer
2025-07-01 00:06:02 WARN  - HHH90000025: MySQLDialect does not need to be specified explicitly using 'hibernate.dialect' (remove the property setting and it will be selected by default)
2025-07-01 00:06:02 INFO  - HHH10001005: Database info:
	Database JDBC URL [Connecting through datasource 'HikariDataSource (HikariPool-1)']
	Database driver: undefined/unknown
	Database version: 8.0.41
	Autocommit mode: undefined/unknown
	Isolation level: undefined/unknown
	Minimum pool size: undefined/unknown
	Maximum pool size: undefined/unknown
2025-07-01 00:06:03 INFO  - HHH000489: No JTA platform available (set 'hibernate.transaction.jta.platform' to enable JTA platform integration)
2025-07-01 00:06:03 INFO  - Initialized JPA EntityManagerFactory for persistence unit 'default'
2025-07-01 00:06:03 INFO  - Global AuthenticationManager configured with UserDetailsService bean with name customUserDetailsService
2025-07-01 00:06:03 WARN  - spring.jpa.open-in-view is enabled by default. Therefore, database queries may be performed during view rendering. Explicitly configure spring.jpa.open-in-view to disable this warning
2025-07-01 00:06:04 WARN  - One of the patterns in [api/customers/**] is missing a leading slash. This is discouraged; please include the leading slash in all your request matcher patterns. In future versions of Spring Security, leaving out the leading slash will result in an exception.
2025-07-01 00:06:04 INFO  - Tomcat started on port 8080 (http) with context path '/'
2025-07-01 00:06:04 INFO  - Started BluemargaritaApplication in 5.164 seconds (process running for 5.451)
2025-07-01 00:06:16 INFO  - Initializing Servlet 'dispatcherServlet'
2025-07-01 00:06:16 INFO  - Completed initialization in 1 ms
2025-07-01 00:06:17 INFO  - Starting user creation for username: digeo
2025-07-01 00:06:17 INFO  - User with username = digeo inserted with ID = 1
2025-07-01 00:29:27 INFO  - HV000001: Hibernate Validator 8.0.2.Final
2025-07-01 00:29:27 INFO  - Starting BluemargaritaApplication using Java 17.0.13 with PID 21236 (E:\험芋奬腎攻沸薪詛Java\bluemargarita\build\classes\java\main started by digeo in E:\험芋奬腎攻沸薪詛Java\bluemargarita)
2025-07-01 00:29:27 INFO  - The following 1 profile is active: "test"
2025-07-01 00:29:28 INFO  - Bootstrapping Spring Data JPA repositories in DEFAULT mode.
2025-07-01 00:29:28 INFO  - Finished Spring Data repository scanning in 73 ms. Found 11 JPA repository interfaces.
2025-07-01 00:29:29 INFO  - Tomcat initialized with port 8080 (http)
2025-07-01 00:29:29 INFO  - Root WebApplicationContext: initialization completed in 1790 ms
2025-07-01 00:29:29 INFO  - HHH000412: Hibernate ORM core version 6.6.18.Final
2025-07-01 00:29:29 INFO  - HHH000026: Second-level cache disabled
2025-07-01 00:29:29 INFO  - No LoadTimeWeaver setup: ignoring JPA class transformer
2025-07-01 00:29:30 WARN  - HHH90000025: MySQLDialect does not need to be specified explicitly using 'hibernate.dialect' (remove the property setting and it will be selected by default)
2025-07-01 00:29:30 INFO  - HHH10001005: Database info:
	Database JDBC URL [Connecting through datasource 'HikariDataSource (HikariPool-1)']
	Database driver: undefined/unknown
	Database version: 8.0.41
	Autocommit mode: undefined/unknown
	Isolation level: undefined/unknown
	Minimum pool size: undefined/unknown
	Maximum pool size: undefined/unknown
2025-07-01 00:29:31 INFO  - HHH000489: No JTA platform available (set 'hibernate.transaction.jta.platform' to enable JTA platform integration)
2025-07-01 00:29:31 INFO  - Initialized JPA EntityManagerFactory for persistence unit 'default'
2025-07-01 00:29:32 INFO  - Global AuthenticationManager configured with UserDetailsService bean with name customUserDetailsService
2025-07-01 00:29:32 WARN  - spring.jpa.open-in-view is enabled by default. Therefore, database queries may be performed during view rendering. Explicitly configure spring.jpa.open-in-view to disable this warning
2025-07-01 00:29:32 WARN  - One of the patterns in [api/customers/**] is missing a leading slash. This is discouraged; please include the leading slash in all your request matcher patterns. In future versions of Spring Security, leaving out the leading slash will result in an exception.
2025-07-01 00:29:32 INFO  - Tomcat started on port 8080 (http) with context path '/'
2025-07-01 00:29:32 INFO  - Started BluemargaritaApplication in 5.779 seconds (process running for 6.114)
2025-07-01 00:29:51 INFO  - Initializing Servlet 'dispatcherServlet'
2025-07-01 00:29:51 INFO  - Completed initialization in 1 ms
2025-07-01 00:40:48 INFO  - HV000001: Hibernate Validator 8.0.2.Final
2025-07-01 00:40:48 INFO  - Starting BluemargaritaApplication using Java 17.0.13 with PID 12384 (E:\험芋奬腎攻沸薪詛Java\bluemargarita\build\classes\java\main started by digeo in E:\험芋奬腎攻沸薪詛Java\bluemargarita)
2025-07-01 00:40:48 INFO  - The following 1 profile is active: "test"
2025-07-01 00:40:49 INFO  - Bootstrapping Spring Data JPA repositories in DEFAULT mode.
2025-07-01 00:40:49 INFO  - Finished Spring Data repository scanning in 81 ms. Found 11 JPA repository interfaces.
2025-07-01 00:40:50 INFO  - Tomcat initialized with port 8080 (http)
2025-07-01 00:40:50 INFO  - Root WebApplicationContext: initialization completed in 1592 ms
2025-07-01 00:40:50 INFO  - HHH000412: Hibernate ORM core version 6.6.18.Final
2025-07-01 00:40:50 INFO  - HHH000026: Second-level cache disabled
2025-07-01 00:40:51 INFO  - No LoadTimeWeaver setup: ignoring JPA class transformer
2025-07-01 00:40:51 WARN  - HHH90000025: MySQLDialect does not need to be specified explicitly using 'hibernate.dialect' (remove the property setting and it will be selected by default)
2025-07-01 00:40:51 INFO  - HHH10001005: Database info:
	Database JDBC URL [Connecting through datasource 'HikariDataSource (HikariPool-1)']
	Database driver: undefined/unknown
	Database version: 8.0.41
	Autocommit mode: undefined/unknown
	Isolation level: undefined/unknown
	Minimum pool size: undefined/unknown
	Maximum pool size: undefined/unknown
2025-07-01 00:40:52 INFO  - HHH000489: No JTA platform available (set 'hibernate.transaction.jta.platform' to enable JTA platform integration)
2025-07-01 00:40:52 INFO  - Initialized JPA EntityManagerFactory for persistence unit 'default'
2025-07-01 00:40:53 INFO  - Global AuthenticationManager configured with UserDetailsService bean with name customUserDetailsService
2025-07-01 00:40:53 WARN  - spring.jpa.open-in-view is enabled by default. Therefore, database queries may be performed during view rendering. Explicitly configure spring.jpa.open-in-view to disable this warning
2025-07-01 00:40:53 INFO  - Tomcat started on port 8080 (http) with context path '/'
2025-07-01 00:40:53 INFO  - Started BluemargaritaApplication in 5.647 seconds (process running for 6.118)
2025-07-01 00:41:04 INFO  - Initializing Servlet 'dispatcherServlet'
2025-07-01 00:41:04 INFO  - Completed initialization in 2 ms
2025-07-01 00:41:22 INFO  - Customer created with id: 1
