2025-07-17 01:36:45 DEBUG com.zaxxer.hikari.HikariConfig - Driver class com.mysql.cj.jdbc.Driver found in Thread context class loader TomcatEmbeddedWebappClassLoader
  context: ROOT
  delegate: true
----------> Parent Classloader:
jdk.internal.loader.ClassLoaders$AppClassLoader@73d16e93

2025-07-17 01:36:46 DEBUG com.zaxxer.hikari.HikariConfig - HikariPool-1 - configuration:
2025-07-17 01:36:46 DEBUG com.zaxxer.hikari.HikariConfig - allowPoolSuspension.............false
2025-07-17 01:36:46 DEBUG com.zaxxer.hikari.HikariConfig - autoCommit......................true
2025-07-17 01:36:46 DEBUG com.zaxxer.hikari.HikariConfig - catalog.........................none
2025-07-17 01:36:46 DEBUG com.zaxxer.hikari.HikariConfig - connectionInitSql...............none
2025-07-17 01:36:46 DEBUG com.zaxxer.hikari.HikariConfig - connectionTestQuery.............none
2025-07-17 01:36:46 DEBUG com.zaxxer.hikari.HikariConfig - connectionTimeout...............30000
2025-07-17 01:36:46 DEBUG com.zaxxer.hikari.HikariConfig - dataSource......................none
2025-07-17 01:36:46 DEBUG com.zaxxer.hikari.HikariConfig - dataSourceClassName.............none
2025-07-17 01:36:46 DEBUG com.zaxxer.hikari.HikariConfig - dataSourceJNDI..................none
2025-07-17 01:36:46 DEBUG com.zaxxer.hikari.HikariConfig - dataSourceProperties............{password=<masked>}
2025-07-17 01:36:46 DEBUG com.zaxxer.hikari.HikariConfig - driverClassName................."com.mysql.cj.jdbc.Driver"
2025-07-17 01:36:46 DEBUG com.zaxxer.hikari.HikariConfig - exceptionOverrideClassName......none
2025-07-17 01:36:46 DEBUG com.zaxxer.hikari.HikariConfig - healthCheckProperties...........{}
2025-07-17 01:36:46 DEBUG com.zaxxer.hikari.HikariConfig - healthCheckRegistry.............none
2025-07-17 01:36:46 DEBUG com.zaxxer.hikari.HikariConfig - idleTimeout.....................600000
2025-07-17 01:36:46 DEBUG com.zaxxer.hikari.HikariConfig - initializationFailTimeout.......1
2025-07-17 01:36:46 DEBUG com.zaxxer.hikari.HikariConfig - isolateInternalQueries..........false
2025-07-17 01:36:46 DEBUG com.zaxxer.hikari.HikariConfig - jdbcUrl.........................jdbc:mysql://localhost:3306/bluemargaritadb?useUnicode=true&characterEncoding=utf-8&useSSL=true&serverTimezone=Europe/Athens
2025-07-17 01:36:46 DEBUG com.zaxxer.hikari.HikariConfig - keepaliveTime...................0
2025-07-17 01:36:46 DEBUG com.zaxxer.hikari.HikariConfig - leakDetectionThreshold..........0
2025-07-17 01:36:46 DEBUG com.zaxxer.hikari.HikariConfig - maxLifetime.....................1800000
2025-07-17 01:36:46 DEBUG com.zaxxer.hikari.HikariConfig - maximumPoolSize.................10
2025-07-17 01:36:46 DEBUG com.zaxxer.hikari.HikariConfig - metricRegistry..................none
2025-07-17 01:36:46 DEBUG com.zaxxer.hikari.HikariConfig - metricsTrackerFactory...........none
2025-07-17 01:36:46 DEBUG com.zaxxer.hikari.HikariConfig - minimumIdle.....................10
2025-07-17 01:36:46 DEBUG com.zaxxer.hikari.HikariConfig - password........................<masked>
2025-07-17 01:36:46 DEBUG com.zaxxer.hikari.HikariConfig - poolName........................"HikariPool-1"
2025-07-17 01:36:46 DEBUG com.zaxxer.hikari.HikariConfig - readOnly........................false
2025-07-17 01:36:46 DEBUG com.zaxxer.hikari.HikariConfig - registerMbeans..................false
2025-07-17 01:36:46 DEBUG com.zaxxer.hikari.HikariConfig - scheduledExecutor...............none
2025-07-17 01:36:46 DEBUG com.zaxxer.hikari.HikariConfig - schema..........................none
2025-07-17 01:36:46 DEBUG com.zaxxer.hikari.HikariConfig - threadFactory...................internal
2025-07-17 01:36:46 DEBUG com.zaxxer.hikari.HikariConfig - transactionIsolation............default
2025-07-17 01:36:46 DEBUG com.zaxxer.hikari.HikariConfig - username........................"springuser"
2025-07-17 01:36:46 DEBUG com.zaxxer.hikari.HikariConfig - validationTimeout...............5000
2025-07-17 01:36:46 INFO  com.zaxxer.hikari.HikariDataSource - HikariPool-1 - Starting...
2025-07-17 01:36:46 INFO  com.zaxxer.hikari.pool.HikariPool - HikariPool-1 - Added connection com.mysql.cj.jdbc.ConnectionImpl@7e8c58fd
2025-07-17 01:36:46 INFO  com.zaxxer.hikari.HikariDataSource - HikariPool-1 - Start completed.
2025-07-17 01:36:46 DEBUG com.zaxxer.hikari.pool.HikariPool - HikariPool-1 - Pool stats (total=1, active=1, idle=0, waiting=0)
2025-07-17 01:36:46 DEBUG com.zaxxer.hikari.pool.HikariPool - HikariPool-1 - Added connection com.mysql.cj.jdbc.ConnectionImpl@6205e7ac
2025-07-17 01:36:46 DEBUG com.zaxxer.hikari.pool.HikariPool - HikariPool-1 - After adding stats (total=2, active=0, idle=2, waiting=0)
2025-07-17 01:36:46 DEBUG com.zaxxer.hikari.pool.HikariPool - HikariPool-1 - Added connection com.mysql.cj.jdbc.ConnectionImpl@22a18e3
2025-07-17 01:36:46 DEBUG com.zaxxer.hikari.pool.HikariPool - HikariPool-1 - After adding stats (total=3, active=0, idle=3, waiting=0)
2025-07-17 01:36:47 DEBUG com.zaxxer.hikari.pool.HikariPool - HikariPool-1 - Added connection com.mysql.cj.jdbc.ConnectionImpl@66c785d5
2025-07-17 01:36:47 DEBUG com.zaxxer.hikari.pool.HikariPool - HikariPool-1 - After adding stats (total=4, active=0, idle=4, waiting=0)
2025-07-17 01:36:47 DEBUG com.zaxxer.hikari.pool.HikariPool - HikariPool-1 - Added connection com.mysql.cj.jdbc.ConnectionImpl@6646660
2025-07-17 01:36:47 DEBUG com.zaxxer.hikari.pool.HikariPool - HikariPool-1 - After adding stats (total=5, active=0, idle=5, waiting=0)
2025-07-17 01:36:47 DEBUG com.zaxxer.hikari.pool.HikariPool - HikariPool-1 - Added connection com.mysql.cj.jdbc.ConnectionImpl@45133a52
2025-07-17 01:36:47 DEBUG com.zaxxer.hikari.pool.HikariPool - HikariPool-1 - After adding stats (total=6, active=0, idle=6, waiting=0)
2025-07-17 01:36:47 DEBUG com.zaxxer.hikari.pool.HikariPool - HikariPool-1 - Added connection com.mysql.cj.jdbc.ConnectionImpl@68ba0816
2025-07-17 01:36:47 DEBUG com.zaxxer.hikari.pool.HikariPool - HikariPool-1 - After adding stats (total=7, active=0, idle=7, waiting=0)
2025-07-17 01:36:47 DEBUG com.zaxxer.hikari.pool.HikariPool - HikariPool-1 - Added connection com.mysql.cj.jdbc.ConnectionImpl@2cf52737
2025-07-17 01:36:47 DEBUG com.zaxxer.hikari.pool.HikariPool - HikariPool-1 - After adding stats (total=8, active=0, idle=8, waiting=0)
2025-07-17 01:36:47 DEBUG com.zaxxer.hikari.pool.HikariPool - HikariPool-1 - Added connection com.mysql.cj.jdbc.ConnectionImpl@1876d150
2025-07-17 01:36:47 DEBUG com.zaxxer.hikari.pool.HikariPool - HikariPool-1 - After adding stats (total=9, active=0, idle=9, waiting=0)
2025-07-17 01:36:47 DEBUG com.zaxxer.hikari.pool.HikariPool - HikariPool-1 - Added connection com.mysql.cj.jdbc.ConnectionImpl@2f73a821
2025-07-17 01:36:47 DEBUG com.zaxxer.hikari.pool.HikariPool - HikariPool-1 - After adding stats (total=10, active=0, idle=10, waiting=0)
2025-07-17 01:36:47 DEBUG com.zaxxer.hikari.pool.HikariPool - HikariPool-1 - Connection not added, stats (total=10, active=0, idle=10, waiting=0)
2025-07-17 01:36:58 INFO  com.zaxxer.hikari.HikariDataSource - HikariPool-1 - Shutdown initiated...
2025-07-17 01:36:58 DEBUG com.zaxxer.hikari.pool.HikariPool - HikariPool-1 - Before shutdown stats (total=10, active=0, idle=10, waiting=0)
2025-07-17 01:36:58 DEBUG com.zaxxer.hikari.pool.PoolBase - HikariPool-1 - Closing connection com.mysql.cj.jdbc.ConnectionImpl@7e8c58fd: (connection evicted)
2025-07-17 01:36:58 DEBUG com.zaxxer.hikari.pool.PoolBase - HikariPool-1 - Closing connection com.mysql.cj.jdbc.ConnectionImpl@6205e7ac: (connection evicted)
2025-07-17 01:36:58 DEBUG com.zaxxer.hikari.pool.PoolBase - HikariPool-1 - Closing connection com.mysql.cj.jdbc.ConnectionImpl@22a18e3: (connection evicted)
2025-07-17 01:36:58 DEBUG com.zaxxer.hikari.pool.PoolBase - HikariPool-1 - Closing connection com.mysql.cj.jdbc.ConnectionImpl@66c785d5: (connection evicted)
2025-07-17 01:36:58 DEBUG com.zaxxer.hikari.pool.PoolBase - HikariPool-1 - Closing connection com.mysql.cj.jdbc.ConnectionImpl@6646660: (connection evicted)
2025-07-17 01:36:58 DEBUG com.zaxxer.hikari.pool.PoolBase - HikariPool-1 - Closing connection com.mysql.cj.jdbc.ConnectionImpl@45133a52: (connection evicted)
2025-07-17 01:36:58 DEBUG com.zaxxer.hikari.pool.PoolBase - HikariPool-1 - Closing connection com.mysql.cj.jdbc.ConnectionImpl@68ba0816: (connection evicted)
2025-07-17 01:36:58 DEBUG com.zaxxer.hikari.pool.PoolBase - HikariPool-1 - Closing connection com.mysql.cj.jdbc.ConnectionImpl@2cf52737: (connection evicted)
2025-07-17 01:36:58 DEBUG com.zaxxer.hikari.pool.PoolBase - HikariPool-1 - Closing connection com.mysql.cj.jdbc.ConnectionImpl@1876d150: (connection evicted)
2025-07-17 01:36:58 DEBUG com.zaxxer.hikari.pool.PoolBase - HikariPool-1 - Closing connection com.mysql.cj.jdbc.ConnectionImpl@2f73a821: (connection evicted)
2025-07-17 01:36:58 DEBUG com.zaxxer.hikari.pool.HikariPool - HikariPool-1 - After shutdown stats (total=0, active=0, idle=0, waiting=0)
2025-07-17 01:36:58 INFO  com.zaxxer.hikari.HikariDataSource - HikariPool-1 - Shutdown completed.
2025-07-17 02:13:57 DEBUG com.zaxxer.hikari.HikariConfig - Driver class com.mysql.cj.jdbc.Driver found in Thread context class loader TomcatEmbeddedWebappClassLoader
  context: ROOT
  delegate: true
----------> Parent Classloader:
jdk.internal.loader.ClassLoaders$AppClassLoader@73d16e93

2025-07-17 02:13:58 DEBUG com.zaxxer.hikari.HikariConfig - HikariPool-1 - configuration:
2025-07-17 02:13:58 DEBUG com.zaxxer.hikari.HikariConfig - allowPoolSuspension.............false
2025-07-17 02:13:58 DEBUG com.zaxxer.hikari.HikariConfig - autoCommit......................true
2025-07-17 02:13:58 DEBUG com.zaxxer.hikari.HikariConfig - catalog.........................none
2025-07-17 02:13:58 DEBUG com.zaxxer.hikari.HikariConfig - connectionInitSql...............none
2025-07-17 02:13:58 DEBUG com.zaxxer.hikari.HikariConfig - connectionTestQuery.............none
2025-07-17 02:13:58 DEBUG com.zaxxer.hikari.HikariConfig - connectionTimeout...............30000
2025-07-17 02:13:58 DEBUG com.zaxxer.hikari.HikariConfig - dataSource......................none
2025-07-17 02:13:58 DEBUG com.zaxxer.hikari.HikariConfig - dataSourceClassName.............none
2025-07-17 02:13:58 DEBUG com.zaxxer.hikari.HikariConfig - dataSourceJNDI..................none
2025-07-17 02:13:58 DEBUG com.zaxxer.hikari.HikariConfig - dataSourceProperties............{password=<masked>}
2025-07-17 02:13:58 DEBUG com.zaxxer.hikari.HikariConfig - driverClassName................."com.mysql.cj.jdbc.Driver"
2025-07-17 02:13:58 DEBUG com.zaxxer.hikari.HikariConfig - exceptionOverrideClassName......none
2025-07-17 02:13:58 DEBUG com.zaxxer.hikari.HikariConfig - healthCheckProperties...........{}
2025-07-17 02:13:58 DEBUG com.zaxxer.hikari.HikariConfig - healthCheckRegistry.............none
2025-07-17 02:13:58 DEBUG com.zaxxer.hikari.HikariConfig - idleTimeout.....................600000
2025-07-17 02:13:58 DEBUG com.zaxxer.hikari.HikariConfig - initializationFailTimeout.......1
2025-07-17 02:13:58 DEBUG com.zaxxer.hikari.HikariConfig - isolateInternalQueries..........false
2025-07-17 02:13:58 DEBUG com.zaxxer.hikari.HikariConfig - jdbcUrl.........................jdbc:mysql://localhost:3306/bluemargaritadb?useUnicode=true&characterEncoding=utf-8&useSSL=true&serverTimezone=Europe/Athens
2025-07-17 02:13:58 DEBUG com.zaxxer.hikari.HikariConfig - keepaliveTime...................0
2025-07-17 02:13:58 DEBUG com.zaxxer.hikari.HikariConfig - leakDetectionThreshold..........0
2025-07-17 02:13:58 DEBUG com.zaxxer.hikari.HikariConfig - maxLifetime.....................1800000
2025-07-17 02:13:58 DEBUG com.zaxxer.hikari.HikariConfig - maximumPoolSize.................10
2025-07-17 02:13:58 DEBUG com.zaxxer.hikari.HikariConfig - metricRegistry..................none
2025-07-17 02:13:58 DEBUG com.zaxxer.hikari.HikariConfig - metricsTrackerFactory...........none
2025-07-17 02:13:58 DEBUG com.zaxxer.hikari.HikariConfig - minimumIdle.....................10
2025-07-17 02:13:58 DEBUG com.zaxxer.hikari.HikariConfig - password........................<masked>
2025-07-17 02:13:58 DEBUG com.zaxxer.hikari.HikariConfig - poolName........................"HikariPool-1"
2025-07-17 02:13:58 DEBUG com.zaxxer.hikari.HikariConfig - readOnly........................false
2025-07-17 02:13:58 DEBUG com.zaxxer.hikari.HikariConfig - registerMbeans..................false
2025-07-17 02:13:58 DEBUG com.zaxxer.hikari.HikariConfig - scheduledExecutor...............none
2025-07-17 02:13:58 DEBUG com.zaxxer.hikari.HikariConfig - schema..........................none
2025-07-17 02:13:58 DEBUG com.zaxxer.hikari.HikariConfig - threadFactory...................internal
2025-07-17 02:13:58 DEBUG com.zaxxer.hikari.HikariConfig - transactionIsolation............default
2025-07-17 02:13:58 DEBUG com.zaxxer.hikari.HikariConfig - username........................"springuser"
2025-07-17 02:13:58 DEBUG com.zaxxer.hikari.HikariConfig - validationTimeout...............5000
2025-07-17 02:13:58 INFO  com.zaxxer.hikari.HikariDataSource - HikariPool-1 - Starting...
2025-07-17 02:13:58 INFO  com.zaxxer.hikari.pool.HikariPool - HikariPool-1 - Added connection com.mysql.cj.jdbc.ConnectionImpl@441aa7ae
2025-07-17 02:13:58 INFO  com.zaxxer.hikari.HikariDataSource - HikariPool-1 - Start completed.
2025-07-17 02:13:58 DEBUG com.zaxxer.hikari.pool.HikariPool - HikariPool-1 - Pool stats (total=1, active=1, idle=0, waiting=0)
2025-07-17 02:13:58 DEBUG com.zaxxer.hikari.pool.HikariPool - HikariPool-1 - Added connection com.mysql.cj.jdbc.ConnectionImpl@5f1a7d60
2025-07-17 02:13:59 DEBUG com.zaxxer.hikari.pool.HikariPool - HikariPool-1 - After adding stats (total=2, active=0, idle=2, waiting=0)
2025-07-17 02:13:59 DEBUG com.zaxxer.hikari.pool.HikariPool - HikariPool-1 - Added connection com.mysql.cj.jdbc.ConnectionImpl@3f35822f
2025-07-17 02:13:59 DEBUG com.zaxxer.hikari.pool.HikariPool - HikariPool-1 - After adding stats (total=3, active=0, idle=3, waiting=0)
2025-07-17 02:13:59 DEBUG com.zaxxer.hikari.pool.HikariPool - HikariPool-1 - Added connection com.mysql.cj.jdbc.ConnectionImpl@5b355382
2025-07-17 02:13:59 DEBUG com.zaxxer.hikari.pool.HikariPool - HikariPool-1 - After adding stats (total=4, active=0, idle=4, waiting=0)
2025-07-17 02:13:59 DEBUG com.zaxxer.hikari.pool.HikariPool - HikariPool-1 - Added connection com.mysql.cj.jdbc.ConnectionImpl@3b7b59b3
2025-07-17 02:13:59 DEBUG com.zaxxer.hikari.pool.HikariPool - HikariPool-1 - After adding stats (total=5, active=0, idle=5, waiting=0)
2025-07-17 02:13:59 DEBUG com.zaxxer.hikari.pool.HikariPool - HikariPool-1 - Added connection com.mysql.cj.jdbc.ConnectionImpl@315a7c55
2025-07-17 02:13:59 DEBUG com.zaxxer.hikari.pool.HikariPool - HikariPool-1 - After adding stats (total=6, active=0, idle=6, waiting=0)
2025-07-17 02:13:59 DEBUG com.zaxxer.hikari.pool.HikariPool - HikariPool-1 - Added connection com.mysql.cj.jdbc.ConnectionImpl@1c1ea730
2025-07-17 02:13:59 DEBUG com.zaxxer.hikari.pool.HikariPool - HikariPool-1 - After adding stats (total=7, active=0, idle=7, waiting=0)
2025-07-17 02:13:59 DEBUG com.zaxxer.hikari.pool.HikariPool - HikariPool-1 - Added connection com.mysql.cj.jdbc.ConnectionImpl@2a66098f
2025-07-17 02:13:59 DEBUG com.zaxxer.hikari.pool.HikariPool - HikariPool-1 - After adding stats (total=8, active=0, idle=8, waiting=0)
2025-07-17 02:13:59 DEBUG com.zaxxer.hikari.pool.HikariPool - HikariPool-1 - Added connection com.mysql.cj.jdbc.ConnectionImpl@702dbe94
2025-07-17 02:13:59 DEBUG com.zaxxer.hikari.pool.HikariPool - HikariPool-1 - After adding stats (total=9, active=0, idle=9, waiting=0)
2025-07-17 02:13:59 DEBUG com.zaxxer.hikari.pool.HikariPool - HikariPool-1 - Added connection com.mysql.cj.jdbc.ConnectionImpl@416a88b9
2025-07-17 02:13:59 DEBUG com.zaxxer.hikari.pool.HikariPool - HikariPool-1 - After adding stats (total=10, active=0, idle=10, waiting=0)
2025-07-17 02:13:59 DEBUG com.zaxxer.hikari.pool.HikariPool - HikariPool-1 - Connection not added, stats (total=10, active=0, idle=10, waiting=0)
2025-07-17 02:14:02 INFO  com.zaxxer.hikari.HikariDataSource - HikariPool-1 - Shutdown initiated...
2025-07-17 02:14:02 DEBUG com.zaxxer.hikari.pool.HikariPool - HikariPool-1 - Before shutdown stats (total=10, active=0, idle=10, waiting=0)
2025-07-17 02:14:02 DEBUG com.zaxxer.hikari.pool.PoolBase - HikariPool-1 - Closing connection com.mysql.cj.jdbc.ConnectionImpl@441aa7ae: (connection evicted)
2025-07-17 02:14:02 DEBUG com.zaxxer.hikari.pool.PoolBase - HikariPool-1 - Closing connection com.mysql.cj.jdbc.ConnectionImpl@5f1a7d60: (connection evicted)
2025-07-17 02:14:02 DEBUG com.zaxxer.hikari.pool.PoolBase - HikariPool-1 - Closing connection com.mysql.cj.jdbc.ConnectionImpl@3f35822f: (connection evicted)
2025-07-17 02:14:02 DEBUG com.zaxxer.hikari.pool.PoolBase - HikariPool-1 - Closing connection com.mysql.cj.jdbc.ConnectionImpl@5b355382: (connection evicted)
2025-07-17 02:14:02 DEBUG com.zaxxer.hikari.pool.PoolBase - HikariPool-1 - Closing connection com.mysql.cj.jdbc.ConnectionImpl@3b7b59b3: (connection evicted)
2025-07-17 02:14:02 DEBUG com.zaxxer.hikari.pool.PoolBase - HikariPool-1 - Closing connection com.mysql.cj.jdbc.ConnectionImpl@315a7c55: (connection evicted)
2025-07-17 02:14:02 DEBUG com.zaxxer.hikari.pool.PoolBase - HikariPool-1 - Closing connection com.mysql.cj.jdbc.ConnectionImpl@1c1ea730: (connection evicted)
2025-07-17 02:14:02 DEBUG com.zaxxer.hikari.pool.PoolBase - HikariPool-1 - Closing connection com.mysql.cj.jdbc.ConnectionImpl@2a66098f: (connection evicted)
2025-07-17 02:14:02 DEBUG com.zaxxer.hikari.pool.PoolBase - HikariPool-1 - Closing connection com.mysql.cj.jdbc.ConnectionImpl@702dbe94: (connection evicted)
2025-07-17 02:14:02 DEBUG com.zaxxer.hikari.pool.PoolBase - HikariPool-1 - Closing connection com.mysql.cj.jdbc.ConnectionImpl@416a88b9: (connection evicted)
2025-07-17 02:14:02 DEBUG com.zaxxer.hikari.pool.HikariPool - HikariPool-1 - After shutdown stats (total=0, active=0, idle=0, waiting=0)
2025-07-17 02:14:02 INFO  com.zaxxer.hikari.HikariDataSource - HikariPool-1 - Shutdown completed.
2025-07-17 02:18:23 DEBUG com.zaxxer.hikari.HikariConfig - Driver class com.mysql.cj.jdbc.Driver found in Thread context class loader TomcatEmbeddedWebappClassLoader
  context: ROOT
  delegate: true
----------> Parent Classloader:
jdk.internal.loader.ClassLoaders$AppClassLoader@73d16e93

2025-07-17 02:18:24 DEBUG com.zaxxer.hikari.HikariConfig - HikariPool-1 - configuration:
2025-07-17 02:18:24 DEBUG com.zaxxer.hikari.HikariConfig - allowPoolSuspension.............false
2025-07-17 02:18:24 DEBUG com.zaxxer.hikari.HikariConfig - autoCommit......................true
2025-07-17 02:18:24 DEBUG com.zaxxer.hikari.HikariConfig - catalog.........................none
2025-07-17 02:18:24 DEBUG com.zaxxer.hikari.HikariConfig - connectionInitSql...............none
2025-07-17 02:18:24 DEBUG com.zaxxer.hikari.HikariConfig - connectionTestQuery.............none
2025-07-17 02:18:24 DEBUG com.zaxxer.hikari.HikariConfig - connectionTimeout...............30000
2025-07-17 02:18:24 DEBUG com.zaxxer.hikari.HikariConfig - dataSource......................none
2025-07-17 02:18:24 DEBUG com.zaxxer.hikari.HikariConfig - dataSourceClassName.............none
2025-07-17 02:18:24 DEBUG com.zaxxer.hikari.HikariConfig - dataSourceJNDI..................none
2025-07-17 02:18:24 DEBUG com.zaxxer.hikari.HikariConfig - dataSourceProperties............{password=<masked>}
2025-07-17 02:18:24 DEBUG com.zaxxer.hikari.HikariConfig - driverClassName................."com.mysql.cj.jdbc.Driver"
2025-07-17 02:18:24 DEBUG com.zaxxer.hikari.HikariConfig - exceptionOverrideClassName......none
2025-07-17 02:18:24 DEBUG com.zaxxer.hikari.HikariConfig - healthCheckProperties...........{}
2025-07-17 02:18:24 DEBUG com.zaxxer.hikari.HikariConfig - healthCheckRegistry.............none
2025-07-17 02:18:24 DEBUG com.zaxxer.hikari.HikariConfig - idleTimeout.....................600000
2025-07-17 02:18:24 DEBUG com.zaxxer.hikari.HikariConfig - initializationFailTimeout.......1
2025-07-17 02:18:24 DEBUG com.zaxxer.hikari.HikariConfig - isolateInternalQueries..........false
2025-07-17 02:18:24 DEBUG com.zaxxer.hikari.HikariConfig - jdbcUrl.........................jdbc:mysql://localhost:3306/bluemargaritadb?useUnicode=true&characterEncoding=utf-8&useSSL=true&serverTimezone=Europe/Athens
2025-07-17 02:18:24 DEBUG com.zaxxer.hikari.HikariConfig - keepaliveTime...................0
2025-07-17 02:18:24 DEBUG com.zaxxer.hikari.HikariConfig - leakDetectionThreshold..........0
2025-07-17 02:18:24 DEBUG com.zaxxer.hikari.HikariConfig - maxLifetime.....................1800000
2025-07-17 02:18:24 DEBUG com.zaxxer.hikari.HikariConfig - maximumPoolSize.................10
2025-07-17 02:18:24 DEBUG com.zaxxer.hikari.HikariConfig - metricRegistry..................none
2025-07-17 02:18:24 DEBUG com.zaxxer.hikari.HikariConfig - metricsTrackerFactory...........none
2025-07-17 02:18:24 DEBUG com.zaxxer.hikari.HikariConfig - minimumIdle.....................10
2025-07-17 02:18:24 DEBUG com.zaxxer.hikari.HikariConfig - password........................<masked>
2025-07-17 02:18:24 DEBUG com.zaxxer.hikari.HikariConfig - poolName........................"HikariPool-1"
2025-07-17 02:18:24 DEBUG com.zaxxer.hikari.HikariConfig - readOnly........................false
2025-07-17 02:18:24 DEBUG com.zaxxer.hikari.HikariConfig - registerMbeans..................false
2025-07-17 02:18:24 DEBUG com.zaxxer.hikari.HikariConfig - scheduledExecutor...............none
2025-07-17 02:18:24 DEBUG com.zaxxer.hikari.HikariConfig - schema..........................none
2025-07-17 02:18:24 DEBUG com.zaxxer.hikari.HikariConfig - threadFactory...................internal
2025-07-17 02:18:24 DEBUG com.zaxxer.hikari.HikariConfig - transactionIsolation............default
2025-07-17 02:18:24 DEBUG com.zaxxer.hikari.HikariConfig - username........................"springuser"
2025-07-17 02:18:24 DEBUG com.zaxxer.hikari.HikariConfig - validationTimeout...............5000
2025-07-17 02:18:24 INFO  com.zaxxer.hikari.HikariDataSource - HikariPool-1 - Starting...
2025-07-17 02:18:24 INFO  com.zaxxer.hikari.pool.HikariPool - HikariPool-1 - Added connection com.mysql.cj.jdbc.ConnectionImpl@7a8b7e11
2025-07-17 02:18:24 INFO  com.zaxxer.hikari.HikariDataSource - HikariPool-1 - Start completed.
2025-07-17 02:18:24 DEBUG com.zaxxer.hikari.pool.HikariPool - HikariPool-1 - Pool stats (total=1, active=0, idle=1, waiting=0)
2025-07-17 02:18:24 DEBUG com.zaxxer.hikari.pool.HikariPool - HikariPool-1 - Added connection com.mysql.cj.jdbc.ConnectionImpl@57e22ef3
2025-07-17 02:18:25 DEBUG com.zaxxer.hikari.pool.HikariPool - HikariPool-1 - After adding stats (total=2, active=0, idle=2, waiting=0)
2025-07-17 02:18:25 DEBUG com.zaxxer.hikari.pool.HikariPool - HikariPool-1 - Added connection com.mysql.cj.jdbc.ConnectionImpl@37cdd1bc
2025-07-17 02:18:25 DEBUG com.zaxxer.hikari.pool.HikariPool - HikariPool-1 - After adding stats (total=3, active=0, idle=3, waiting=0)
2025-07-17 02:18:25 DEBUG com.zaxxer.hikari.pool.HikariPool - HikariPool-1 - Added connection com.mysql.cj.jdbc.ConnectionImpl@6c643f6c
2025-07-17 02:18:25 DEBUG com.zaxxer.hikari.pool.HikariPool - HikariPool-1 - After adding stats (total=4, active=0, idle=4, waiting=0)
2025-07-17 02:18:25 DEBUG com.zaxxer.hikari.pool.HikariPool - HikariPool-1 - Added connection com.mysql.cj.jdbc.ConnectionImpl@33830ac8
2025-07-17 02:18:25 DEBUG com.zaxxer.hikari.pool.HikariPool - HikariPool-1 - After adding stats (total=5, active=0, idle=5, waiting=0)
2025-07-17 02:18:25 DEBUG com.zaxxer.hikari.pool.HikariPool - HikariPool-1 - Added connection com.mysql.cj.jdbc.ConnectionImpl@10418aa2
2025-07-17 02:18:25 DEBUG com.zaxxer.hikari.pool.HikariPool - HikariPool-1 - After adding stats (total=6, active=0, idle=6, waiting=0)
2025-07-17 02:18:25 DEBUG com.zaxxer.hikari.pool.HikariPool - HikariPool-1 - Added connection com.mysql.cj.jdbc.ConnectionImpl@2ac6e52
2025-07-17 02:18:25 DEBUG com.zaxxer.hikari.pool.HikariPool - HikariPool-1 - After adding stats (total=7, active=0, idle=7, waiting=0)
2025-07-17 02:18:25 DEBUG com.zaxxer.hikari.pool.HikariPool - HikariPool-1 - Added connection com.mysql.cj.jdbc.ConnectionImpl@5979bb6b
2025-07-17 02:18:25 DEBUG com.zaxxer.hikari.pool.HikariPool - HikariPool-1 - After adding stats (total=8, active=0, idle=8, waiting=0)
2025-07-17 02:18:25 DEBUG com.zaxxer.hikari.pool.HikariPool - HikariPool-1 - Added connection com.mysql.cj.jdbc.ConnectionImpl@68d5dd0
2025-07-17 02:18:25 DEBUG com.zaxxer.hikari.pool.HikariPool - HikariPool-1 - After adding stats (total=9, active=0, idle=9, waiting=0)
2025-07-17 02:18:25 DEBUG com.zaxxer.hikari.pool.HikariPool - HikariPool-1 - Added connection com.mysql.cj.jdbc.ConnectionImpl@5ee94efa
2025-07-17 02:18:25 DEBUG com.zaxxer.hikari.pool.HikariPool - HikariPool-1 - After adding stats (total=10, active=0, idle=10, waiting=0)
2025-07-17 02:18:28 INFO  com.zaxxer.hikari.HikariDataSource - HikariPool-1 - Shutdown initiated...
2025-07-17 02:18:28 DEBUG com.zaxxer.hikari.pool.HikariPool - HikariPool-1 - Before shutdown stats (total=10, active=0, idle=10, waiting=0)
2025-07-17 02:18:28 DEBUG com.zaxxer.hikari.pool.PoolBase - HikariPool-1 - Closing connection com.mysql.cj.jdbc.ConnectionImpl@7a8b7e11: (connection evicted)
2025-07-17 02:18:28 DEBUG com.zaxxer.hikari.pool.PoolBase - HikariPool-1 - Closing connection com.mysql.cj.jdbc.ConnectionImpl@57e22ef3: (connection evicted)
2025-07-17 02:18:28 DEBUG com.zaxxer.hikari.pool.PoolBase - HikariPool-1 - Closing connection com.mysql.cj.jdbc.ConnectionImpl@37cdd1bc: (connection evicted)
2025-07-17 02:18:28 DEBUG com.zaxxer.hikari.pool.PoolBase - HikariPool-1 - Closing connection com.mysql.cj.jdbc.ConnectionImpl@6c643f6c: (connection evicted)
2025-07-17 02:18:28 DEBUG com.zaxxer.hikari.pool.PoolBase - HikariPool-1 - Closing connection com.mysql.cj.jdbc.ConnectionImpl@33830ac8: (connection evicted)
2025-07-17 02:18:28 DEBUG com.zaxxer.hikari.pool.PoolBase - HikariPool-1 - Closing connection com.mysql.cj.jdbc.ConnectionImpl@10418aa2: (connection evicted)
2025-07-17 02:18:28 DEBUG com.zaxxer.hikari.pool.PoolBase - HikariPool-1 - Closing connection com.mysql.cj.jdbc.ConnectionImpl@2ac6e52: (connection evicted)
2025-07-17 02:18:28 DEBUG com.zaxxer.hikari.pool.PoolBase - HikariPool-1 - Closing connection com.mysql.cj.jdbc.ConnectionImpl@5979bb6b: (connection evicted)
2025-07-17 02:18:28 DEBUG com.zaxxer.hikari.pool.PoolBase - HikariPool-1 - Closing connection com.mysql.cj.jdbc.ConnectionImpl@68d5dd0: (connection evicted)
2025-07-17 02:18:28 DEBUG com.zaxxer.hikari.pool.PoolBase - HikariPool-1 - Closing connection com.mysql.cj.jdbc.ConnectionImpl@5ee94efa: (connection evicted)
2025-07-17 02:18:28 DEBUG com.zaxxer.hikari.pool.HikariPool - HikariPool-1 - After shutdown stats (total=0, active=0, idle=0, waiting=0)
2025-07-17 02:18:28 INFO  com.zaxxer.hikari.HikariDataSource - HikariPool-1 - Shutdown completed.
2025-07-17 02:25:19 DEBUG com.zaxxer.hikari.HikariConfig - Driver class com.mysql.cj.jdbc.Driver found in Thread context class loader TomcatEmbeddedWebappClassLoader
  context: ROOT
  delegate: true
----------> Parent Classloader:
jdk.internal.loader.ClassLoaders$AppClassLoader@73d16e93

2025-07-17 02:25:20 DEBUG com.zaxxer.hikari.HikariConfig - HikariPool-1 - configuration:
2025-07-17 02:25:20 DEBUG com.zaxxer.hikari.HikariConfig - allowPoolSuspension.............false
2025-07-17 02:25:20 DEBUG com.zaxxer.hikari.HikariConfig - autoCommit......................true
2025-07-17 02:25:20 DEBUG com.zaxxer.hikari.HikariConfig - catalog.........................none
2025-07-17 02:25:20 DEBUG com.zaxxer.hikari.HikariConfig - connectionInitSql...............none
2025-07-17 02:25:20 DEBUG com.zaxxer.hikari.HikariConfig - connectionTestQuery.............none
2025-07-17 02:25:20 DEBUG com.zaxxer.hikari.HikariConfig - connectionTimeout...............30000
2025-07-17 02:25:20 DEBUG com.zaxxer.hikari.HikariConfig - dataSource......................none
2025-07-17 02:25:20 DEBUG com.zaxxer.hikari.HikariConfig - dataSourceClassName.............none
2025-07-17 02:25:20 DEBUG com.zaxxer.hikari.HikariConfig - dataSourceJNDI..................none
2025-07-17 02:25:20 DEBUG com.zaxxer.hikari.HikariConfig - dataSourceProperties............{password=<masked>}
2025-07-17 02:25:20 DEBUG com.zaxxer.hikari.HikariConfig - driverClassName................."com.mysql.cj.jdbc.Driver"
2025-07-17 02:25:20 DEBUG com.zaxxer.hikari.HikariConfig - exceptionOverrideClassName......none
2025-07-17 02:25:20 DEBUG com.zaxxer.hikari.HikariConfig - healthCheckProperties...........{}
2025-07-17 02:25:20 DEBUG com.zaxxer.hikari.HikariConfig - healthCheckRegistry.............none
2025-07-17 02:25:20 DEBUG com.zaxxer.hikari.HikariConfig - idleTimeout.....................600000
2025-07-17 02:25:20 DEBUG com.zaxxer.hikari.HikariConfig - initializationFailTimeout.......1
2025-07-17 02:25:20 DEBUG com.zaxxer.hikari.HikariConfig - isolateInternalQueries..........false
2025-07-17 02:25:20 DEBUG com.zaxxer.hikari.HikariConfig - jdbcUrl.........................jdbc:mysql://localhost:3306/bluemargaritadb?useUnicode=true&characterEncoding=utf-8&useSSL=true&serverTimezone=Europe/Athens
2025-07-17 02:25:20 DEBUG com.zaxxer.hikari.HikariConfig - keepaliveTime...................0
2025-07-17 02:25:20 DEBUG com.zaxxer.hikari.HikariConfig - leakDetectionThreshold..........0
2025-07-17 02:25:20 DEBUG com.zaxxer.hikari.HikariConfig - maxLifetime.....................1800000
2025-07-17 02:25:20 DEBUG com.zaxxer.hikari.HikariConfig - maximumPoolSize.................10
2025-07-17 02:25:20 DEBUG com.zaxxer.hikari.HikariConfig - metricRegistry..................none
2025-07-17 02:25:20 DEBUG com.zaxxer.hikari.HikariConfig - metricsTrackerFactory...........none
2025-07-17 02:25:20 DEBUG com.zaxxer.hikari.HikariConfig - minimumIdle.....................10
2025-07-17 02:25:20 DEBUG com.zaxxer.hikari.HikariConfig - password........................<masked>
2025-07-17 02:25:20 DEBUG com.zaxxer.hikari.HikariConfig - poolName........................"HikariPool-1"
2025-07-17 02:25:20 DEBUG com.zaxxer.hikari.HikariConfig - readOnly........................false
2025-07-17 02:25:20 DEBUG com.zaxxer.hikari.HikariConfig - registerMbeans..................false
2025-07-17 02:25:20 DEBUG com.zaxxer.hikari.HikariConfig - scheduledExecutor...............none
2025-07-17 02:25:20 DEBUG com.zaxxer.hikari.HikariConfig - schema..........................none
2025-07-17 02:25:20 DEBUG com.zaxxer.hikari.HikariConfig - threadFactory...................internal
2025-07-17 02:25:20 DEBUG com.zaxxer.hikari.HikariConfig - transactionIsolation............default
2025-07-17 02:25:20 DEBUG com.zaxxer.hikari.HikariConfig - username........................"springuser"
2025-07-17 02:25:20 DEBUG com.zaxxer.hikari.HikariConfig - validationTimeout...............5000
2025-07-17 02:25:20 INFO  com.zaxxer.hikari.HikariDataSource - HikariPool-1 - Starting...
2025-07-17 02:25:20 INFO  com.zaxxer.hikari.pool.HikariPool - HikariPool-1 - Added connection com.mysql.cj.jdbc.ConnectionImpl@780c0
2025-07-17 02:25:20 INFO  com.zaxxer.hikari.HikariDataSource - HikariPool-1 - Start completed.
2025-07-17 02:25:20 DEBUG com.zaxxer.hikari.pool.HikariPool - HikariPool-1 - Pool stats (total=1, active=0, idle=1, waiting=0)
2025-07-17 02:25:20 DEBUG com.zaxxer.hikari.pool.HikariPool - HikariPool-1 - Added connection com.mysql.cj.jdbc.ConnectionImpl@3eb5e88b
2025-07-17 02:25:20 DEBUG com.zaxxer.hikari.pool.HikariPool - HikariPool-1 - After adding stats (total=2, active=0, idle=2, waiting=0)
2025-07-17 02:25:20 DEBUG com.zaxxer.hikari.pool.HikariPool - HikariPool-1 - Added connection com.mysql.cj.jdbc.ConnectionImpl@5e9a17c4
2025-07-17 02:25:20 DEBUG com.zaxxer.hikari.pool.HikariPool - HikariPool-1 - After adding stats (total=3, active=0, idle=3, waiting=0)
2025-07-17 02:25:20 DEBUG com.zaxxer.hikari.pool.HikariPool - HikariPool-1 - Added connection com.mysql.cj.jdbc.ConnectionImpl@49617060
2025-07-17 02:25:21 DEBUG com.zaxxer.hikari.pool.HikariPool - HikariPool-1 - After adding stats (total=4, active=0, idle=4, waiting=0)
2025-07-17 02:25:21 DEBUG com.zaxxer.hikari.pool.HikariPool - HikariPool-1 - Added connection com.mysql.cj.jdbc.ConnectionImpl@5ad42dff
2025-07-17 02:25:21 DEBUG com.zaxxer.hikari.pool.HikariPool - HikariPool-1 - After adding stats (total=5, active=0, idle=5, waiting=0)
2025-07-17 02:25:21 DEBUG com.zaxxer.hikari.pool.HikariPool - HikariPool-1 - Added connection com.mysql.cj.jdbc.ConnectionImpl@7e40cbf7
2025-07-17 02:25:21 DEBUG com.zaxxer.hikari.pool.HikariPool - HikariPool-1 - After adding stats (total=6, active=0, idle=6, waiting=0)
2025-07-17 02:25:21 DEBUG com.zaxxer.hikari.pool.HikariPool - HikariPool-1 - Added connection com.mysql.cj.jdbc.ConnectionImpl@20ff47dd
2025-07-17 02:25:21 DEBUG com.zaxxer.hikari.pool.HikariPool - HikariPool-1 - After adding stats (total=7, active=0, idle=7, waiting=0)
2025-07-17 02:25:21 DEBUG com.zaxxer.hikari.pool.HikariPool - HikariPool-1 - Added connection com.mysql.cj.jdbc.ConnectionImpl@66b5b9e1
2025-07-17 02:25:21 DEBUG com.zaxxer.hikari.pool.HikariPool - HikariPool-1 - After adding stats (total=8, active=0, idle=8, waiting=0)
2025-07-17 02:25:21 DEBUG com.zaxxer.hikari.pool.HikariPool - HikariPool-1 - Added connection com.mysql.cj.jdbc.ConnectionImpl@1e274af0
2025-07-17 02:25:21 DEBUG com.zaxxer.hikari.pool.HikariPool - HikariPool-1 - After adding stats (total=9, active=0, idle=9, waiting=0)
2025-07-17 02:25:21 DEBUG com.zaxxer.hikari.pool.HikariPool - HikariPool-1 - Added connection com.mysql.cj.jdbc.ConnectionImpl@5d79d9ac
2025-07-17 02:25:21 DEBUG com.zaxxer.hikari.pool.HikariPool - HikariPool-1 - After adding stats (total=10, active=0, idle=10, waiting=0)
2025-07-17 02:25:24 INFO  com.zaxxer.hikari.HikariDataSource - HikariPool-1 - Shutdown initiated...
2025-07-17 02:25:24 DEBUG com.zaxxer.hikari.pool.HikariPool - HikariPool-1 - Before shutdown stats (total=10, active=0, idle=10, waiting=0)
2025-07-17 02:25:24 DEBUG com.zaxxer.hikari.pool.PoolBase - HikariPool-1 - Closing connection com.mysql.cj.jdbc.ConnectionImpl@780c0: (connection evicted)
2025-07-17 02:25:24 DEBUG com.zaxxer.hikari.pool.PoolBase - HikariPool-1 - Closing connection com.mysql.cj.jdbc.ConnectionImpl@3eb5e88b: (connection evicted)
2025-07-17 02:25:24 DEBUG com.zaxxer.hikari.pool.PoolBase - HikariPool-1 - Closing connection com.mysql.cj.jdbc.ConnectionImpl@5e9a17c4: (connection evicted)
2025-07-17 02:25:24 DEBUG com.zaxxer.hikari.pool.PoolBase - HikariPool-1 - Closing connection com.mysql.cj.jdbc.ConnectionImpl@49617060: (connection evicted)
2025-07-17 02:25:24 DEBUG com.zaxxer.hikari.pool.PoolBase - HikariPool-1 - Closing connection com.mysql.cj.jdbc.ConnectionImpl@5ad42dff: (connection evicted)
2025-07-17 02:25:24 DEBUG com.zaxxer.hikari.pool.PoolBase - HikariPool-1 - Closing connection com.mysql.cj.jdbc.ConnectionImpl@7e40cbf7: (connection evicted)
2025-07-17 02:25:24 DEBUG com.zaxxer.hikari.pool.PoolBase - HikariPool-1 - Closing connection com.mysql.cj.jdbc.ConnectionImpl@20ff47dd: (connection evicted)
2025-07-17 02:25:24 DEBUG com.zaxxer.hikari.pool.PoolBase - HikariPool-1 - Closing connection com.mysql.cj.jdbc.ConnectionImpl@66b5b9e1: (connection evicted)
2025-07-17 02:25:24 DEBUG com.zaxxer.hikari.pool.PoolBase - HikariPool-1 - Closing connection com.mysql.cj.jdbc.ConnectionImpl@1e274af0: (connection evicted)
2025-07-17 02:25:24 DEBUG com.zaxxer.hikari.pool.PoolBase - HikariPool-1 - Closing connection com.mysql.cj.jdbc.ConnectionImpl@5d79d9ac: (connection evicted)
2025-07-17 02:25:24 DEBUG com.zaxxer.hikari.pool.HikariPool - HikariPool-1 - After shutdown stats (total=0, active=0, idle=0, waiting=0)
2025-07-17 02:25:24 INFO  com.zaxxer.hikari.HikariDataSource - HikariPool-1 - Shutdown completed.
2025-07-17 02:28:33 DEBUG com.zaxxer.hikari.HikariConfig - Driver class com.mysql.cj.jdbc.Driver found in Thread context class loader TomcatEmbeddedWebappClassLoader
  context: ROOT
  delegate: true
----------> Parent Classloader:
jdk.internal.loader.ClassLoaders$AppClassLoader@73d16e93

2025-07-17 02:28:33 DEBUG com.zaxxer.hikari.HikariConfig - HikariPool-1 - configuration:
2025-07-17 02:28:33 DEBUG com.zaxxer.hikari.HikariConfig - allowPoolSuspension.............false
2025-07-17 02:28:33 DEBUG com.zaxxer.hikari.HikariConfig - autoCommit......................true
2025-07-17 02:28:33 DEBUG com.zaxxer.hikari.HikariConfig - catalog.........................none
2025-07-17 02:28:33 DEBUG com.zaxxer.hikari.HikariConfig - connectionInitSql...............none
2025-07-17 02:28:33 DEBUG com.zaxxer.hikari.HikariConfig - connectionTestQuery.............none
2025-07-17 02:28:33 DEBUG com.zaxxer.hikari.HikariConfig - connectionTimeout...............30000
2025-07-17 02:28:33 DEBUG com.zaxxer.hikari.HikariConfig - dataSource......................none
2025-07-17 02:28:33 DEBUG com.zaxxer.hikari.HikariConfig - dataSourceClassName.............none
2025-07-17 02:28:33 DEBUG com.zaxxer.hikari.HikariConfig - dataSourceJNDI..................none
2025-07-17 02:28:33 DEBUG com.zaxxer.hikari.HikariConfig - dataSourceProperties............{password=<masked>}
2025-07-17 02:28:33 DEBUG com.zaxxer.hikari.HikariConfig - driverClassName................."com.mysql.cj.jdbc.Driver"
2025-07-17 02:28:33 DEBUG com.zaxxer.hikari.HikariConfig - exceptionOverrideClassName......none
2025-07-17 02:28:33 DEBUG com.zaxxer.hikari.HikariConfig - healthCheckProperties...........{}
2025-07-17 02:28:33 DEBUG com.zaxxer.hikari.HikariConfig - healthCheckRegistry.............none
2025-07-17 02:28:33 DEBUG com.zaxxer.hikari.HikariConfig - idleTimeout.....................600000
2025-07-17 02:28:33 DEBUG com.zaxxer.hikari.HikariConfig - initializationFailTimeout.......1
2025-07-17 02:28:33 DEBUG com.zaxxer.hikari.HikariConfig - isolateInternalQueries..........false
2025-07-17 02:28:33 DEBUG com.zaxxer.hikari.HikariConfig - jdbcUrl.........................jdbc:mysql://localhost:3306/bluemargaritadb?useUnicode=true&characterEncoding=utf-8&useSSL=true&serverTimezone=Europe/Athens
2025-07-17 02:28:33 DEBUG com.zaxxer.hikari.HikariConfig - keepaliveTime...................0
2025-07-17 02:28:33 DEBUG com.zaxxer.hikari.HikariConfig - leakDetectionThreshold..........0
2025-07-17 02:28:33 DEBUG com.zaxxer.hikari.HikariConfig - maxLifetime.....................1800000
2025-07-17 02:28:33 DEBUG com.zaxxer.hikari.HikariConfig - maximumPoolSize.................10
2025-07-17 02:28:33 DEBUG com.zaxxer.hikari.HikariConfig - metricRegistry..................none
2025-07-17 02:28:33 DEBUG com.zaxxer.hikari.HikariConfig - metricsTrackerFactory...........none
2025-07-17 02:28:33 DEBUG com.zaxxer.hikari.HikariConfig - minimumIdle.....................10
2025-07-17 02:28:33 DEBUG com.zaxxer.hikari.HikariConfig - password........................<masked>
2025-07-17 02:28:33 DEBUG com.zaxxer.hikari.HikariConfig - poolName........................"HikariPool-1"
2025-07-17 02:28:33 DEBUG com.zaxxer.hikari.HikariConfig - readOnly........................false
2025-07-17 02:28:33 DEBUG com.zaxxer.hikari.HikariConfig - registerMbeans..................false
2025-07-17 02:28:33 DEBUG com.zaxxer.hikari.HikariConfig - scheduledExecutor...............none
2025-07-17 02:28:33 DEBUG com.zaxxer.hikari.HikariConfig - schema..........................none
2025-07-17 02:28:33 DEBUG com.zaxxer.hikari.HikariConfig - threadFactory...................internal
2025-07-17 02:28:33 DEBUG com.zaxxer.hikari.HikariConfig - transactionIsolation............default
2025-07-17 02:28:33 DEBUG com.zaxxer.hikari.HikariConfig - username........................"springuser"
2025-07-17 02:28:33 DEBUG com.zaxxer.hikari.HikariConfig - validationTimeout...............5000
2025-07-17 02:28:33 INFO  com.zaxxer.hikari.HikariDataSource - HikariPool-1 - Starting...
2025-07-17 02:28:34 INFO  com.zaxxer.hikari.pool.HikariPool - HikariPool-1 - Added connection com.mysql.cj.jdbc.ConnectionImpl@3dd591b9
2025-07-17 02:28:34 INFO  com.zaxxer.hikari.HikariDataSource - HikariPool-1 - Start completed.
2025-07-17 02:28:34 DEBUG com.zaxxer.hikari.pool.HikariPool - HikariPool-1 - Pool stats (total=1, active=0, idle=1, waiting=0)
2025-07-17 02:28:34 DEBUG com.zaxxer.hikari.pool.HikariPool - HikariPool-1 - Added connection com.mysql.cj.jdbc.ConnectionImpl@3644a7c
2025-07-17 02:28:34 DEBUG com.zaxxer.hikari.pool.HikariPool - HikariPool-1 - After adding stats (total=2, active=0, idle=2, waiting=0)
2025-07-17 02:28:34 DEBUG com.zaxxer.hikari.pool.HikariPool - HikariPool-1 - Added connection com.mysql.cj.jdbc.ConnectionImpl@634bb533
2025-07-17 02:28:34 DEBUG com.zaxxer.hikari.pool.HikariPool - HikariPool-1 - After adding stats (total=3, active=0, idle=3, waiting=0)
2025-07-17 02:28:34 DEBUG com.zaxxer.hikari.pool.HikariPool - HikariPool-1 - Added connection com.mysql.cj.jdbc.ConnectionImpl@72aaf8df
2025-07-17 02:28:34 DEBUG com.zaxxer.hikari.pool.HikariPool - HikariPool-1 - After adding stats (total=4, active=0, idle=4, waiting=0)
2025-07-17 02:28:34 DEBUG com.zaxxer.hikari.pool.HikariPool - HikariPool-1 - Added connection com.mysql.cj.jdbc.ConnectionImpl@6705aad1
2025-07-17 02:28:34 DEBUG com.zaxxer.hikari.pool.HikariPool - HikariPool-1 - After adding stats (total=5, active=0, idle=5, waiting=0)
2025-07-17 02:28:34 DEBUG com.zaxxer.hikari.pool.HikariPool - HikariPool-1 - Added connection com.mysql.cj.jdbc.ConnectionImpl@22216f24
2025-07-17 02:28:34 DEBUG com.zaxxer.hikari.pool.HikariPool - HikariPool-1 - After adding stats (total=6, active=0, idle=6, waiting=0)
2025-07-17 02:28:34 DEBUG com.zaxxer.hikari.pool.HikariPool - HikariPool-1 - Added connection com.mysql.cj.jdbc.ConnectionImpl@7a84ecba
2025-07-17 02:28:34 DEBUG com.zaxxer.hikari.pool.HikariPool - HikariPool-1 - After adding stats (total=7, active=0, idle=7, waiting=0)
2025-07-17 02:28:34 DEBUG com.zaxxer.hikari.pool.HikariPool - HikariPool-1 - Added connection com.mysql.cj.jdbc.ConnectionImpl@14c23012
2025-07-17 02:28:34 DEBUG com.zaxxer.hikari.pool.HikariPool - HikariPool-1 - After adding stats (total=8, active=0, idle=8, waiting=0)
2025-07-17 02:28:34 DEBUG com.zaxxer.hikari.pool.HikariPool - HikariPool-1 - Added connection com.mysql.cj.jdbc.ConnectionImpl@15657a86
2025-07-17 02:28:34 DEBUG com.zaxxer.hikari.pool.HikariPool - HikariPool-1 - After adding stats (total=9, active=0, idle=9, waiting=0)
2025-07-17 02:28:34 DEBUG com.zaxxer.hikari.pool.HikariPool - HikariPool-1 - Added connection com.mysql.cj.jdbc.ConnectionImpl@343361a1
2025-07-17 02:28:34 DEBUG com.zaxxer.hikari.pool.HikariPool - HikariPool-1 - After adding stats (total=10, active=0, idle=10, waiting=0)
2025-07-17 02:28:38 INFO  com.zaxxer.hikari.HikariDataSource - HikariPool-1 - Shutdown initiated...
2025-07-17 02:28:38 DEBUG com.zaxxer.hikari.pool.HikariPool - HikariPool-1 - Before shutdown stats (total=10, active=0, idle=10, waiting=0)
2025-07-17 02:28:38 DEBUG com.zaxxer.hikari.pool.PoolBase - HikariPool-1 - Closing connection com.mysql.cj.jdbc.ConnectionImpl@3dd591b9: (connection evicted)
2025-07-17 02:28:38 DEBUG com.zaxxer.hikari.pool.PoolBase - HikariPool-1 - Closing connection com.mysql.cj.jdbc.ConnectionImpl@3644a7c: (connection evicted)
2025-07-17 02:28:38 DEBUG com.zaxxer.hikari.pool.PoolBase - HikariPool-1 - Closing connection com.mysql.cj.jdbc.ConnectionImpl@634bb533: (connection evicted)
2025-07-17 02:28:38 DEBUG com.zaxxer.hikari.pool.PoolBase - HikariPool-1 - Closing connection com.mysql.cj.jdbc.ConnectionImpl@72aaf8df: (connection evicted)
2025-07-17 02:28:38 DEBUG com.zaxxer.hikari.pool.PoolBase - HikariPool-1 - Closing connection com.mysql.cj.jdbc.ConnectionImpl@6705aad1: (connection evicted)
2025-07-17 02:28:38 DEBUG com.zaxxer.hikari.pool.PoolBase - HikariPool-1 - Closing connection com.mysql.cj.jdbc.ConnectionImpl@22216f24: (connection evicted)
2025-07-17 02:28:38 DEBUG com.zaxxer.hikari.pool.PoolBase - HikariPool-1 - Closing connection com.mysql.cj.jdbc.ConnectionImpl@7a84ecba: (connection evicted)
2025-07-17 02:28:38 DEBUG com.zaxxer.hikari.pool.PoolBase - HikariPool-1 - Closing connection com.mysql.cj.jdbc.ConnectionImpl@14c23012: (connection evicted)
2025-07-17 02:28:38 DEBUG com.zaxxer.hikari.pool.PoolBase - HikariPool-1 - Closing connection com.mysql.cj.jdbc.ConnectionImpl@15657a86: (connection evicted)
2025-07-17 02:28:38 DEBUG com.zaxxer.hikari.pool.PoolBase - HikariPool-1 - Closing connection com.mysql.cj.jdbc.ConnectionImpl@343361a1: (connection evicted)
2025-07-17 02:28:38 DEBUG com.zaxxer.hikari.pool.HikariPool - HikariPool-1 - After shutdown stats (total=0, active=0, idle=0, waiting=0)
2025-07-17 02:28:38 INFO  com.zaxxer.hikari.HikariDataSource - HikariPool-1 - Shutdown completed.
2025-07-17 02:29:27 DEBUG com.zaxxer.hikari.HikariConfig - Driver class com.mysql.cj.jdbc.Driver found in Thread context class loader TomcatEmbeddedWebappClassLoader
  context: ROOT
  delegate: true
----------> Parent Classloader:
jdk.internal.loader.ClassLoaders$AppClassLoader@73d16e93

2025-07-17 02:29:28 DEBUG com.zaxxer.hikari.HikariConfig - HikariPool-1 - configuration:
2025-07-17 02:29:28 DEBUG com.zaxxer.hikari.HikariConfig - allowPoolSuspension.............false
2025-07-17 02:29:28 DEBUG com.zaxxer.hikari.HikariConfig - autoCommit......................true
2025-07-17 02:29:28 DEBUG com.zaxxer.hikari.HikariConfig - catalog.........................none
2025-07-17 02:29:28 DEBUG com.zaxxer.hikari.HikariConfig - connectionInitSql...............none
2025-07-17 02:29:28 DEBUG com.zaxxer.hikari.HikariConfig - connectionTestQuery.............none
2025-07-17 02:29:28 DEBUG com.zaxxer.hikari.HikariConfig - connectionTimeout...............30000
2025-07-17 02:29:28 DEBUG com.zaxxer.hikari.HikariConfig - dataSource......................none
2025-07-17 02:29:28 DEBUG com.zaxxer.hikari.HikariConfig - dataSourceClassName.............none
2025-07-17 02:29:28 DEBUG com.zaxxer.hikari.HikariConfig - dataSourceJNDI..................none
2025-07-17 02:29:28 DEBUG com.zaxxer.hikari.HikariConfig - dataSourceProperties............{password=<masked>}
2025-07-17 02:29:28 DEBUG com.zaxxer.hikari.HikariConfig - driverClassName................."com.mysql.cj.jdbc.Driver"
2025-07-17 02:29:28 DEBUG com.zaxxer.hikari.HikariConfig - exceptionOverrideClassName......none
2025-07-17 02:29:28 DEBUG com.zaxxer.hikari.HikariConfig - healthCheckProperties...........{}
2025-07-17 02:29:28 DEBUG com.zaxxer.hikari.HikariConfig - healthCheckRegistry.............none
2025-07-17 02:29:28 DEBUG com.zaxxer.hikari.HikariConfig - idleTimeout.....................600000
2025-07-17 02:29:28 DEBUG com.zaxxer.hikari.HikariConfig - initializationFailTimeout.......1
2025-07-17 02:29:28 DEBUG com.zaxxer.hikari.HikariConfig - isolateInternalQueries..........false
2025-07-17 02:29:28 DEBUG com.zaxxer.hikari.HikariConfig - jdbcUrl.........................jdbc:mysql://localhost:3306/bluemargaritadb?useUnicode=true&characterEncoding=utf-8&useSSL=true&serverTimezone=Europe/Athens
2025-07-17 02:29:28 DEBUG com.zaxxer.hikari.HikariConfig - keepaliveTime...................0
2025-07-17 02:29:28 DEBUG com.zaxxer.hikari.HikariConfig - leakDetectionThreshold..........0
2025-07-17 02:29:28 DEBUG com.zaxxer.hikari.HikariConfig - maxLifetime.....................1800000
2025-07-17 02:29:28 DEBUG com.zaxxer.hikari.HikariConfig - maximumPoolSize.................10
2025-07-17 02:29:28 DEBUG com.zaxxer.hikari.HikariConfig - metricRegistry..................none
2025-07-17 02:29:28 DEBUG com.zaxxer.hikari.HikariConfig - metricsTrackerFactory...........none
2025-07-17 02:29:28 DEBUG com.zaxxer.hikari.HikariConfig - minimumIdle.....................10
2025-07-17 02:29:28 DEBUG com.zaxxer.hikari.HikariConfig - password........................<masked>
2025-07-17 02:29:28 DEBUG com.zaxxer.hikari.HikariConfig - poolName........................"HikariPool-1"
2025-07-17 02:29:28 DEBUG com.zaxxer.hikari.HikariConfig - readOnly........................false
2025-07-17 02:29:28 DEBUG com.zaxxer.hikari.HikariConfig - registerMbeans..................false
2025-07-17 02:29:28 DEBUG com.zaxxer.hikari.HikariConfig - scheduledExecutor...............none
2025-07-17 02:29:28 DEBUG com.zaxxer.hikari.HikariConfig - schema..........................none
2025-07-17 02:29:28 DEBUG com.zaxxer.hikari.HikariConfig - threadFactory...................internal
2025-07-17 02:29:28 DEBUG com.zaxxer.hikari.HikariConfig - transactionIsolation............default
2025-07-17 02:29:28 DEBUG com.zaxxer.hikari.HikariConfig - username........................"springuser"
2025-07-17 02:29:28 DEBUG com.zaxxer.hikari.HikariConfig - validationTimeout...............5000
2025-07-17 02:29:28 INFO  com.zaxxer.hikari.HikariDataSource - HikariPool-1 - Starting...
2025-07-17 02:29:28 INFO  com.zaxxer.hikari.pool.HikariPool - HikariPool-1 - Added connection com.mysql.cj.jdbc.ConnectionImpl@6ec98ccc
2025-07-17 02:29:28 INFO  com.zaxxer.hikari.HikariDataSource - HikariPool-1 - Start completed.
2025-07-17 02:29:28 DEBUG com.zaxxer.hikari.pool.HikariPool - HikariPool-1 - Pool stats (total=1, active=0, idle=1, waiting=0)
2025-07-17 02:29:28 DEBUG com.zaxxer.hikari.pool.HikariPool - HikariPool-1 - Added connection com.mysql.cj.jdbc.ConnectionImpl@7e1214b9
2025-07-17 02:29:29 DEBUG com.zaxxer.hikari.pool.HikariPool - HikariPool-1 - After adding stats (total=2, active=0, idle=2, waiting=0)
2025-07-17 02:29:29 DEBUG com.zaxxer.hikari.pool.HikariPool - HikariPool-1 - Added connection com.mysql.cj.jdbc.ConnectionImpl@1e3debf6
2025-07-17 02:29:29 DEBUG com.zaxxer.hikari.pool.HikariPool - HikariPool-1 - After adding stats (total=3, active=0, idle=3, waiting=0)
2025-07-17 02:29:29 DEBUG com.zaxxer.hikari.pool.HikariPool - HikariPool-1 - Added connection com.mysql.cj.jdbc.ConnectionImpl@3f2444a6
2025-07-17 02:29:29 DEBUG com.zaxxer.hikari.pool.HikariPool - HikariPool-1 - After adding stats (total=4, active=0, idle=4, waiting=0)
2025-07-17 02:29:29 DEBUG com.zaxxer.hikari.pool.HikariPool - HikariPool-1 - Added connection com.mysql.cj.jdbc.ConnectionImpl@1a73116a
2025-07-17 02:29:29 DEBUG com.zaxxer.hikari.pool.HikariPool - HikariPool-1 - After adding stats (total=5, active=0, idle=5, waiting=0)
2025-07-17 02:29:29 DEBUG com.zaxxer.hikari.pool.HikariPool - HikariPool-1 - Added connection com.mysql.cj.jdbc.ConnectionImpl@472f7c20
2025-07-17 02:29:29 DEBUG com.zaxxer.hikari.pool.HikariPool - HikariPool-1 - After adding stats (total=6, active=0, idle=6, waiting=0)
2025-07-17 02:29:29 DEBUG com.zaxxer.hikari.pool.HikariPool - HikariPool-1 - Added connection com.mysql.cj.jdbc.ConnectionImpl@2f72f899
2025-07-17 02:29:29 DEBUG com.zaxxer.hikari.pool.HikariPool - HikariPool-1 - After adding stats (total=7, active=0, idle=7, waiting=0)
2025-07-17 02:29:29 DEBUG com.zaxxer.hikari.pool.HikariPool - HikariPool-1 - Added connection com.mysql.cj.jdbc.ConnectionImpl@51e4569f
2025-07-17 02:29:29 DEBUG com.zaxxer.hikari.pool.HikariPool - HikariPool-1 - After adding stats (total=8, active=0, idle=8, waiting=0)
2025-07-17 02:29:29 DEBUG com.zaxxer.hikari.pool.HikariPool - HikariPool-1 - Added connection com.mysql.cj.jdbc.ConnectionImpl@6ada901
2025-07-17 02:29:29 DEBUG com.zaxxer.hikari.pool.HikariPool - HikariPool-1 - After adding stats (total=9, active=0, idle=9, waiting=0)
2025-07-17 02:29:29 DEBUG com.zaxxer.hikari.pool.HikariPool - HikariPool-1 - Added connection com.mysql.cj.jdbc.ConnectionImpl@2f09f060
2025-07-17 02:29:29 DEBUG com.zaxxer.hikari.pool.HikariPool - HikariPool-1 - After adding stats (total=10, active=0, idle=10, waiting=0)
2025-07-17 02:29:32 INFO  com.zaxxer.hikari.HikariDataSource - HikariPool-1 - Shutdown initiated...
2025-07-17 02:29:32 DEBUG com.zaxxer.hikari.pool.HikariPool - HikariPool-1 - Before shutdown stats (total=10, active=0, idle=10, waiting=0)
2025-07-17 02:29:32 DEBUG com.zaxxer.hikari.pool.PoolBase - HikariPool-1 - Closing connection com.mysql.cj.jdbc.ConnectionImpl@6ec98ccc: (connection evicted)
2025-07-17 02:29:32 DEBUG com.zaxxer.hikari.pool.PoolBase - HikariPool-1 - Closing connection com.mysql.cj.jdbc.ConnectionImpl@7e1214b9: (connection evicted)
2025-07-17 02:29:32 DEBUG com.zaxxer.hikari.pool.PoolBase - HikariPool-1 - Closing connection com.mysql.cj.jdbc.ConnectionImpl@1e3debf6: (connection evicted)
2025-07-17 02:29:32 DEBUG com.zaxxer.hikari.pool.PoolBase - HikariPool-1 - Closing connection com.mysql.cj.jdbc.ConnectionImpl@3f2444a6: (connection evicted)
2025-07-17 02:29:32 DEBUG com.zaxxer.hikari.pool.PoolBase - HikariPool-1 - Closing connection com.mysql.cj.jdbc.ConnectionImpl@1a73116a: (connection evicted)
2025-07-17 02:29:32 DEBUG com.zaxxer.hikari.pool.PoolBase - HikariPool-1 - Closing connection com.mysql.cj.jdbc.ConnectionImpl@472f7c20: (connection evicted)
2025-07-17 02:29:32 DEBUG com.zaxxer.hikari.pool.PoolBase - HikariPool-1 - Closing connection com.mysql.cj.jdbc.ConnectionImpl@2f72f899: (connection evicted)
2025-07-17 02:29:32 DEBUG com.zaxxer.hikari.pool.PoolBase - HikariPool-1 - Closing connection com.mysql.cj.jdbc.ConnectionImpl@51e4569f: (connection evicted)
2025-07-17 02:29:32 DEBUG com.zaxxer.hikari.pool.PoolBase - HikariPool-1 - Closing connection com.mysql.cj.jdbc.ConnectionImpl@6ada901: (connection evicted)
2025-07-17 02:29:32 DEBUG com.zaxxer.hikari.pool.PoolBase - HikariPool-1 - Closing connection com.mysql.cj.jdbc.ConnectionImpl@2f09f060: (connection evicted)
2025-07-17 02:29:32 DEBUG com.zaxxer.hikari.pool.HikariPool - HikariPool-1 - After shutdown stats (total=0, active=0, idle=0, waiting=0)
2025-07-17 02:29:32 INFO  com.zaxxer.hikari.HikariDataSource - HikariPool-1 - Shutdown completed.
2025-07-17 02:30:45 DEBUG com.zaxxer.hikari.HikariConfig - Driver class com.mysql.cj.jdbc.Driver found in Thread context class loader TomcatEmbeddedWebappClassLoader
  context: ROOT
  delegate: true
----------> Parent Classloader:
jdk.internal.loader.ClassLoaders$AppClassLoader@73d16e93

2025-07-17 02:30:46 DEBUG com.zaxxer.hikari.HikariConfig - HikariPool-1 - configuration:
2025-07-17 02:30:46 DEBUG com.zaxxer.hikari.HikariConfig - allowPoolSuspension.............false
2025-07-17 02:30:46 DEBUG com.zaxxer.hikari.HikariConfig - autoCommit......................true
2025-07-17 02:30:46 DEBUG com.zaxxer.hikari.HikariConfig - catalog.........................none
2025-07-17 02:30:46 DEBUG com.zaxxer.hikari.HikariConfig - connectionInitSql...............none
2025-07-17 02:30:46 DEBUG com.zaxxer.hikari.HikariConfig - connectionTestQuery.............none
2025-07-17 02:30:46 DEBUG com.zaxxer.hikari.HikariConfig - connectionTimeout...............30000
2025-07-17 02:30:46 DEBUG com.zaxxer.hikari.HikariConfig - dataSource......................none
2025-07-17 02:30:46 DEBUG com.zaxxer.hikari.HikariConfig - dataSourceClassName.............none
2025-07-17 02:30:46 DEBUG com.zaxxer.hikari.HikariConfig - dataSourceJNDI..................none
2025-07-17 02:30:46 DEBUG com.zaxxer.hikari.HikariConfig - dataSourceProperties............{password=<masked>}
2025-07-17 02:30:46 DEBUG com.zaxxer.hikari.HikariConfig - driverClassName................."com.mysql.cj.jdbc.Driver"
2025-07-17 02:30:46 DEBUG com.zaxxer.hikari.HikariConfig - exceptionOverrideClassName......none
2025-07-17 02:30:46 DEBUG com.zaxxer.hikari.HikariConfig - healthCheckProperties...........{}
2025-07-17 02:30:46 DEBUG com.zaxxer.hikari.HikariConfig - healthCheckRegistry.............none
2025-07-17 02:30:46 DEBUG com.zaxxer.hikari.HikariConfig - idleTimeout.....................600000
2025-07-17 02:30:46 DEBUG com.zaxxer.hikari.HikariConfig - initializationFailTimeout.......1
2025-07-17 02:30:46 DEBUG com.zaxxer.hikari.HikariConfig - isolateInternalQueries..........false
2025-07-17 02:30:46 DEBUG com.zaxxer.hikari.HikariConfig - jdbcUrl.........................jdbc:mysql://localhost:3306/bluemargaritadb?useUnicode=true&characterEncoding=utf-8&useSSL=true&serverTimezone=Europe/Athens
2025-07-17 02:30:46 DEBUG com.zaxxer.hikari.HikariConfig - keepaliveTime...................0
2025-07-17 02:30:46 DEBUG com.zaxxer.hikari.HikariConfig - leakDetectionThreshold..........0
2025-07-17 02:30:46 DEBUG com.zaxxer.hikari.HikariConfig - maxLifetime.....................1800000
2025-07-17 02:30:46 DEBUG com.zaxxer.hikari.HikariConfig - maximumPoolSize.................10
2025-07-17 02:30:46 DEBUG com.zaxxer.hikari.HikariConfig - metricRegistry..................none
2025-07-17 02:30:46 DEBUG com.zaxxer.hikari.HikariConfig - metricsTrackerFactory...........none
2025-07-17 02:30:46 DEBUG com.zaxxer.hikari.HikariConfig - minimumIdle.....................10
2025-07-17 02:30:46 DEBUG com.zaxxer.hikari.HikariConfig - password........................<masked>
2025-07-17 02:30:46 DEBUG com.zaxxer.hikari.HikariConfig - poolName........................"HikariPool-1"
2025-07-17 02:30:46 DEBUG com.zaxxer.hikari.HikariConfig - readOnly........................false
2025-07-17 02:30:46 DEBUG com.zaxxer.hikari.HikariConfig - registerMbeans..................false
2025-07-17 02:30:46 DEBUG com.zaxxer.hikari.HikariConfig - scheduledExecutor...............none
2025-07-17 02:30:46 DEBUG com.zaxxer.hikari.HikariConfig - schema..........................none
2025-07-17 02:30:46 DEBUG com.zaxxer.hikari.HikariConfig - threadFactory...................internal
2025-07-17 02:30:46 DEBUG com.zaxxer.hikari.HikariConfig - transactionIsolation............default
2025-07-17 02:30:46 DEBUG com.zaxxer.hikari.HikariConfig - username........................"springuser"
2025-07-17 02:30:46 DEBUG com.zaxxer.hikari.HikariConfig - validationTimeout...............5000
2025-07-17 02:30:46 INFO  com.zaxxer.hikari.HikariDataSource - HikariPool-1 - Starting...
2025-07-17 02:30:46 INFO  com.zaxxer.hikari.pool.HikariPool - HikariPool-1 - Added connection com.mysql.cj.jdbc.ConnectionImpl@190bf8e4
2025-07-17 02:30:46 INFO  com.zaxxer.hikari.HikariDataSource - HikariPool-1 - Start completed.
2025-07-17 02:30:46 DEBUG com.zaxxer.hikari.pool.HikariPool - HikariPool-1 - Pool stats (total=1, active=0, idle=1, waiting=0)
2025-07-17 02:30:46 DEBUG com.zaxxer.hikari.pool.HikariPool - HikariPool-1 - Added connection com.mysql.cj.jdbc.ConnectionImpl@40e0fed0
2025-07-17 02:30:47 DEBUG com.zaxxer.hikari.pool.HikariPool - HikariPool-1 - After adding stats (total=2, active=0, idle=2, waiting=0)
2025-07-17 02:30:47 DEBUG com.zaxxer.hikari.pool.HikariPool - HikariPool-1 - Added connection com.mysql.cj.jdbc.ConnectionImpl@20cf019f
2025-07-17 02:30:47 DEBUG com.zaxxer.hikari.pool.HikariPool - HikariPool-1 - After adding stats (total=3, active=0, idle=3, waiting=0)
2025-07-17 02:30:47 DEBUG com.zaxxer.hikari.pool.HikariPool - HikariPool-1 - Added connection com.mysql.cj.jdbc.ConnectionImpl@68beb0bc
2025-07-17 02:30:47 DEBUG com.zaxxer.hikari.pool.HikariPool - HikariPool-1 - After adding stats (total=4, active=0, idle=4, waiting=0)
2025-07-17 02:30:47 DEBUG com.zaxxer.hikari.pool.HikariPool - HikariPool-1 - Added connection com.mysql.cj.jdbc.ConnectionImpl@2481ddf9
2025-07-17 02:30:47 DEBUG com.zaxxer.hikari.pool.HikariPool - HikariPool-1 - After adding stats (total=5, active=0, idle=5, waiting=0)
2025-07-17 02:30:47 DEBUG com.zaxxer.hikari.pool.HikariPool - HikariPool-1 - Added connection com.mysql.cj.jdbc.ConnectionImpl@25e20894
2025-07-17 02:30:47 DEBUG com.zaxxer.hikari.pool.HikariPool - HikariPool-1 - After adding stats (total=6, active=0, idle=6, waiting=0)
2025-07-17 02:30:47 DEBUG com.zaxxer.hikari.pool.HikariPool - HikariPool-1 - Added connection com.mysql.cj.jdbc.ConnectionImpl@24d7b482
2025-07-17 02:30:47 DEBUG com.zaxxer.hikari.pool.HikariPool - HikariPool-1 - After adding stats (total=7, active=0, idle=7, waiting=0)
2025-07-17 02:30:47 DEBUG com.zaxxer.hikari.pool.HikariPool - HikariPool-1 - Added connection com.mysql.cj.jdbc.ConnectionImpl@a38bad5
2025-07-17 02:30:47 DEBUG com.zaxxer.hikari.pool.HikariPool - HikariPool-1 - After adding stats (total=8, active=0, idle=8, waiting=0)
2025-07-17 02:30:47 DEBUG com.zaxxer.hikari.pool.HikariPool - HikariPool-1 - Added connection com.mysql.cj.jdbc.ConnectionImpl@324377f
2025-07-17 02:30:47 DEBUG com.zaxxer.hikari.pool.HikariPool - HikariPool-1 - After adding stats (total=9, active=0, idle=9, waiting=0)
2025-07-17 02:30:47 DEBUG com.zaxxer.hikari.pool.HikariPool - HikariPool-1 - Added connection com.mysql.cj.jdbc.ConnectionImpl@2e54a73d
2025-07-17 02:30:47 DEBUG com.zaxxer.hikari.pool.HikariPool - HikariPool-1 - After adding stats (total=10, active=0, idle=10, waiting=0)
2025-07-17 02:30:51 INFO  com.zaxxer.hikari.HikariDataSource - HikariPool-1 - Shutdown initiated...
2025-07-17 02:30:51 DEBUG com.zaxxer.hikari.pool.HikariPool - HikariPool-1 - Before shutdown stats (total=10, active=0, idle=10, waiting=0)
2025-07-17 02:30:51 DEBUG com.zaxxer.hikari.pool.PoolBase - HikariPool-1 - Closing connection com.mysql.cj.jdbc.ConnectionImpl@190bf8e4: (connection evicted)
2025-07-17 02:30:51 DEBUG com.zaxxer.hikari.pool.PoolBase - HikariPool-1 - Closing connection com.mysql.cj.jdbc.ConnectionImpl@40e0fed0: (connection evicted)
2025-07-17 02:30:51 DEBUG com.zaxxer.hikari.pool.PoolBase - HikariPool-1 - Closing connection com.mysql.cj.jdbc.ConnectionImpl@20cf019f: (connection evicted)
2025-07-17 02:30:51 DEBUG com.zaxxer.hikari.pool.PoolBase - HikariPool-1 - Closing connection com.mysql.cj.jdbc.ConnectionImpl@68beb0bc: (connection evicted)
2025-07-17 02:30:51 DEBUG com.zaxxer.hikari.pool.PoolBase - HikariPool-1 - Closing connection com.mysql.cj.jdbc.ConnectionImpl@2481ddf9: (connection evicted)
2025-07-17 02:30:51 DEBUG com.zaxxer.hikari.pool.PoolBase - HikariPool-1 - Closing connection com.mysql.cj.jdbc.ConnectionImpl@25e20894: (connection evicted)
2025-07-17 02:30:51 DEBUG com.zaxxer.hikari.pool.PoolBase - HikariPool-1 - Closing connection com.mysql.cj.jdbc.ConnectionImpl@24d7b482: (connection evicted)
2025-07-17 02:30:51 DEBUG com.zaxxer.hikari.pool.PoolBase - HikariPool-1 - Closing connection com.mysql.cj.jdbc.ConnectionImpl@a38bad5: (connection evicted)
2025-07-17 02:30:51 DEBUG com.zaxxer.hikari.pool.PoolBase - HikariPool-1 - Closing connection com.mysql.cj.jdbc.ConnectionImpl@324377f: (connection evicted)
2025-07-17 02:30:51 DEBUG com.zaxxer.hikari.pool.PoolBase - HikariPool-1 - Closing connection com.mysql.cj.jdbc.ConnectionImpl@2e54a73d: (connection evicted)
2025-07-17 02:30:51 DEBUG com.zaxxer.hikari.pool.HikariPool - HikariPool-1 - After shutdown stats (total=0, active=0, idle=0, waiting=0)
2025-07-17 02:30:51 INFO  com.zaxxer.hikari.HikariDataSource - HikariPool-1 - Shutdown completed.
